-------------------------------------------------------------------------------
Test set: com.keith.spring.login.SpringBootLoginTutorialApplicationTests
-------------------------------------------------------------------------------
Tests run: 1, Failures: 0, Errors: 1, Skipped: 0, Time elapsed: 0.252 s <<< FAILURE! - in com.keith.spring.login.SpringBootLoginTutorialApplicationTests
com.keith.spring.login.SpringBootLoginTutorialApplicationTests  Time elapsed: 0.25 s  <<< ERROR!
java.lang.IllegalStateException: Unable to find a @SpringBootConfiguration, you need to use @ContextConfiguration or @SpringBootTest(classes=...) with your test

